[1211/144200.658:INFO:CONSOLE:1] "Error: Uncaught (in promise): TypeError: n.resolve is not a function
TypeError: n.resolve is not a function
    at https://tms49.nepsetms.com.np/6.2574d70608dfefcf2c35.js:1:2518468
    at t.invoke (https://tms49.nepsetms.com.np/polyfills.814482654074b59c3e11.js:1:7376)
    at Object.onInvoke (https://tms49.nepsetms.com.np/main.641ccfdd576230d8a3bb.js:1:2672356)
    at t.invoke (https://tms49.nepsetms.com.np/polyfills.814482654074b59c3e11.js:1:7316)
    at e.run (https://tms49.nepsetms.com.np/polyfills.814482654074b59c3e11.js:1:2579)
    at https://tms49.nepsetms.com.np/polyfills.814482654074b59c3e11.js:1:14043
    at t.invokeTask (https://tms49.nepsetms.com.np/polyfills.814482654074b59c3e11.js:1:8060)
    at Object.onInvokeTask (https://tms49.nepsetms.com.np/main.641ccfdd576230d8a3bb.js:1:2672274)
    at t.invokeTask (https://tms49.nepsetms.com.np/polyfills.814482654074b59c3e11.js:1:7981)
    at e.runTask (https://tms49.nepsetms.com.np/polyfills.814482654074b59c3e11.js:1:3242)
    at g (https://tms49.nepsetms.com.np/polyfills.814482654074b59c3e11.js:1:10327)
    at e.invokeTask [as invoke] (https://tms49.nepsetms.com.np/polyfills.814482654074b59c3e11.js:1:9172)
    at y (https://tms49.nepsetms.com.np/polyfills.814482654074b59c3e11.js:1:22589)
    at XMLHttpRequest._ (https://tms49.nepsetms.com.np/polyfills.814482654074b59c3e11.js:1:22892)", source: https://tms49.nepsetms.com.np/main.641ccfdd576230d8a3bb.js (1)
[1211/144201.169:INFO:CONSOLE:1] "Error: Uncaught (in promise): TypeError: n.resolve is not a function
TypeError: n.resolve is not a function
    at https://tms49.nepsetms.com.np/6.2574d70608dfefcf2c35.js:1:2518468
    at t.invoke (https://tms49.nepsetms.com.np/polyfills.814482654074b59c3e11.js:1:7376)
    at Object.onInvoke (https://tms49.nepsetms.com.np/main.641ccfdd576230d8a3bb.js:1:2672356)
    at t.invoke (https://tms49.nepsetms.com.np/polyfills.814482654074b59c3e11.js:1:7316)
    at e.run (https://tms49.nepsetms.com.np/polyfills.814482654074b59c3e11.js:1:2579)
    at https://tms49.nepsetms.com.np/polyfills.814482654074b59c3e11.js:1:14043
    at t.invokeTask (https://tms49.nepsetms.com.np/polyfills.814482654074b59c3e11.js:1:8060)
    at Object.onInvokeTask (https://tms49.nepsetms.com.np/main.641ccfdd576230d8a3bb.js:1:2672274)
    at t.invokeTask (https://tms49.nepsetms.com.np/polyfills.814482654074b59c3e11.js:1:7981)
    at e.runTask (https://tms49.nepsetms.com.np/polyfills.814482654074b59c3e11.js:1:3242)
    at g (https://tms49.nepsetms.com.np/polyfills.814482654074b59c3e11.js:1:10327)
    at e.invokeTask [as invoke] (https://tms49.nepsetms.com.np/polyfills.814482654074b59c3e11.js:1:9172)
    at y (https://tms49.nepsetms.com.np/polyfills.814482654074b59c3e11.js:1:22589)
    at XMLHttpRequest._ (https://tms49.nepsetms.com.np/polyfills.814482654074b59c3e11.js:1:22892)", source: https://tms49.nepsetms.com.np/main.641ccfdd576230d8a3bb.js (1)
[1211/144201.695:INFO:CONSOLE:1] "Error: Uncaught (in promise): TypeError: n.resolve is not a function
TypeError: n.resolve is not a function
    at https://tms49.nepsetms.com.np/6.2574d70608dfefcf2c35.js:1:2518468
    at t.invoke (https://tms49.nepsetms.com.np/polyfills.814482654074b59c3e11.js:1:7376)
    at Object.onInvoke (https://tms49.nepsetms.com.np/main.641ccfdd576230d8a3bb.js:1:2672356)
    at t.invoke (https://tms49.nepsetms.com.np/polyfills.814482654074b59c3e11.js:1:7316)
    at e.run (https://tms49.nepsetms.com.np/polyfills.814482654074b59c3e11.js:1:2579)
    at https://tms49.nepsetms.com.np/polyfills.814482654074b59c3e11.js:1:14043
    at t.invokeTask (https://tms49.nepsetms.com.np/polyfills.814482654074b59c3e11.js:1:8060)
    at Object.onInvokeTask (https://tms49.nepsetms.com.np/main.641ccfdd576230d8a3bb.js:1:2672274)
    at t.invokeTask (https://tms49.nepsetms.com.np/polyfills.814482654074b59c3e11.js:1:7981)
    at e.runTask (https://tms49.nepsetms.com.np/polyfills.814482654074b59c3e11.js:1:3242)
    at g (https://tms49.nepsetms.com.np/polyfills.814482654074b59c3e11.js:1:10327)
    at e.invokeTask [as invoke] (https://tms49.nepsetms.com.np/polyfills.814482654074b59c3e11.js:1:9172)
    at y (https://tms49.nepsetms.com.np/polyfills.814482654074b59c3e11.js:1:22589)
    at XMLHttpRequest._ (https://tms49.nepsetms.com.np/polyfills.814482654074b59c3e11.js:1:22819)", source: https://tms49.nepsetms.com.np/main.641ccfdd576230d8a3bb.js (1)
[1211/144202.207:INFO:CONSOLE:1] "Error: Uncaught (in promise): TypeError: n.resolve is not a function
TypeError: n.resolve is not a function
    at https://tms49.nepsetms.com.np/6.2574d70608dfefcf2c35.js:1:2518468
    at t.invoke (https://tms49.nepsetms.com.np/polyfills.814482654074b59c3e11.js:1:7376)
    at Object.onInvoke (https://tms49.nepsetms.com.np/main.641ccfdd576230d8a3bb.js:1:2672356)
    at t.invoke (https://tms49.nepsetms.com.np/polyfills.814482654074b59c3e11.js:1:7316)
    at e.run (https://tms49.nepsetms.com.np/polyfills.814482654074b59c3e11.js:1:2579)
    at https://tms49.nepsetms.com.np/polyfills.814482654074b59c3e11.js:1:14043
    at t.invokeTask (https://tms49.nepsetms.com.np/polyfills.814482654074b59c3e11.js:1:8060)
    at Object.onInvokeTask (https://tms49.nepsetms.com.np/main.641ccfdd576230d8a3bb.js:1:2672274)
    at t.invokeTask (https://tms49.nepsetms.com.np/polyfills.814482654074b59c3e11.js:1:7981)
    at e.runTask (https://tms49.nepsetms.com.np/polyfills.814482654074b59c3e11.js:1:3242)
    at g (https://tms49.nepsetms.com.np/polyfills.814482654074b59c3e11.js:1:10327)
    at e.invokeTask [as invoke] (https://tms49.nepsetms.com.np/polyfills.814482654074b59c3e11.js:1:9172)
    at y (https://tms49.nepsetms.com.np/polyfills.814482654074b59c3e11.js:1:22589)
    at XMLHttpRequest._ (https://tms49.nepsetms.com.np/polyfills.814482654074b59c3e11.js:1:22819)", source: https://tms49.nepsetms.com.np/main.641ccfdd576230d8a3bb.js (1)
[1211/144202.726:INFO:CONSOLE:1] "Error: Uncaught (in promise): TypeError: n.resolve is not a function
TypeError: n.resolve is not a function
    at https://tms49.nepsetms.com.np/6.2574d70608dfefcf2c35.js:1:2518468
    at t.invoke (https://tms49.nepsetms.com.np/polyfills.814482654074b59c3e11.js:1:7376)
    at Object.onInvoke (https://tms49.nepsetms.com.np/main.641ccfdd576230d8a3bb.js:1:2672356)
    at t.invoke (https://tms49.nepsetms.com.np/polyfills.814482654074b59c3e11.js:1:7316)
    at e.run (https://tms49.nepsetms.com.np/polyfills.814482654074b59c3e11.js:1:2579)
    at https://tms49.nepsetms.com.np/polyfills.814482654074b59c3e11.js:1:14043
    at t.invokeTask (https://tms49.nepsetms.com.np/polyfills.814482654074b59c3e11.js:1:8060)
    at Object.onInvokeTask (https://tms49.nepsetms.com.np/main.641ccfdd576230d8a3bb.js:1:2672274)
    at t.invokeTask (https://tms49.nepsetms.com.np/polyfills.814482654074b59c3e11.js:1:7981)
    at e.runTask (https://tms49.nepsetms.com.np/polyfills.814482654074b59c3e11.js:1:3242)
    at g (https://tms49.nepsetms.com.np/polyfills.814482654074b59c3e11.js:1:10327)
    at e.invokeTask [as invoke] (https://tms49.nepsetms.com.np/polyfills.814482654074b59c3e11.js:1:9172)
    at y (https://tms49.nepsetms.com.np/polyfills.814482654074b59c3e11.js:1:22589)
    at XMLHttpRequest._ (https://tms49.nepsetms.com.np/polyfills.814482654074b59c3e11.js:1:22819)", source: https://tms49.nepsetms.com.np/main.641ccfdd576230d8a3bb.js (1)
[1211/144203.253:INFO:CONSOLE:1] "Error: Uncaught (in promise): TypeError: n.resolve is not a function
TypeError: n.resolve is not a function
    at https://tms49.nepsetms.com.np/6.2574d70608dfefcf2c35.js:1:2518468
    at t.invoke (https://tms49.nepsetms.com.np/polyfills.814482654074b59c3e11.js:1:7376)
    at Object.onInvoke (https://tms49.nepsetms.com.np/main.641ccfdd576230d8a3bb.js:1:2672356)
    at t.invoke (https://tms49.nepsetms.com.np/polyfills.814482654074b59c3e11.js:1:7316)
    at e.run (https://tms49.nepsetms.com.np/polyfills.814482654074b59c3e11.js:1:2579)
    at https://tms49.nepsetms.com.np/polyfills.814482654074b59c3e11.js:1:14043
    at t.invokeTask (https://tms49.nepsetms.com.np/polyfills.814482654074b59c3e11.js:1:8060)
    at Object.onInvokeTask (https://tms49.nepsetms.com.np/main.641ccfdd576230d8a3bb.js:1:2672274)
    at t.invokeTask (https://tms49.nepsetms.com.np/polyfills.814482654074b59c3e11.js:1:7981)
    at e.runTask (https://tms49.nepsetms.com.np/polyfills.814482654074b59c3e11.js:1:3242)
    at g (https://tms49.nepsetms.com.np/polyfills.814482654074b59c3e11.js:1:10327)
    at e.invokeTask [as invoke] (https://tms49.nepsetms.com.np/polyfills.814482654074b59c3e11.js:1:9172)
    at y (https://tms49.nepsetms.com.np/polyfills.814482654074b59c3e11.js:1:22589)
    at XMLHttpRequest._ (https://tms49.nepsetms.com.np/polyfills.814482654074b59c3e11.js:1:22819)", source: https://tms49.nepsetms.com.np/main.641ccfdd576230d8a3bb.js (1)
[1211/144203.766:INFO:CONSOLE:1] "Error: Uncaught (in promise): TypeError: n.resolve is not a function
TypeError: n.resolve is not a function
    at https://tms49.nepsetms.com.np/6.2574d70608dfefcf2c35.js:1:2518468
    at t.invoke (https://tms49.nepsetms.com.np/polyfills.814482654074b59c3e11.js:1:7376)
    at Object.onInvoke (https://tms49.nepsetms.com.np/main.641ccfdd576230d8a3bb.js:1:2672356)
    at t.invoke (https://tms49.nepsetms.com.np/polyfills.814482654074b59c3e11.js:1:7316)
    at e.run (https://tms49.nepsetms.com.np/polyfills.814482654074b59c3e11.js:1:2579)
    at https://tms49.nepsetms.com.np/polyfills.814482654074b59c3e11.js:1:14043
    at t.invokeTask (https://tms49.nepsetms.com.np/polyfills.814482654074b59c3e11.js:1:8060)
    at Object.onInvokeTask (https://tms49.nepsetms.com.np/main.641ccfdd576230d8a3bb.js:1:2672274)
    at t.invokeTask (https://tms49.nepsetms.com.np/polyfills.814482654074b59c3e11.js:1:7981)
    at e.runTask (https://tms49.nepsetms.com.np/polyfills.814482654074b59c3e11.js:1:3242)
    at g (https://tms49.nepsetms.com.np/polyfills.814482654074b59c3e11.js:1:10327)
    at e.invokeTask [as invoke] (https://tms49.nepsetms.com.np/polyfills.814482654074b59c3e11.js:1:9172)
    at y (https://tms49.nepsetms.com.np/polyfills.814482654074b59c3e11.js:1:22589)
    at XMLHttpRequest._ (https://tms49.nepsetms.com.np/polyfills.814482654074b59c3e11.js:1:22892)", source: https://tms49.nepsetms.com.np/main.641ccfdd576230d8a3bb.js (1)
[1211/144204.288:INFO:CONSOLE:1] "Error: Uncaught (in promise): TypeError: n.resolve is not a function
TypeError: n.resolve is not a function
    at https://tms49.nepsetms.com.np/6.2574d70608dfefcf2c35.js:1:2518468
    at t.invoke (https://tms49.nepsetms.com.np/polyfills.814482654074b59c3e11.js:1:7376)
    at Object.onInvoke (https://tms49.nepsetms.com.np/main.641ccfdd576230d8a3bb.js:1:2672356)
    at t.invoke (https://tms49.nepsetms.com.np/polyfills.814482654074b59c3e11.js:1:7316)
    at e.run (https://tms49.nepsetms.com.np/polyfills.814482654074b59c3e11.js:1:2579)
    at https://tms49.nepsetms.com.np/polyfills.814482654074b59c3e11.js:1:14043
    at t.invokeTask (https://tms49.nepsetms.com.np/polyfills.814482654074b59c3e11.js:1:8060)
    at Object.onInvokeTask (https://tms49.nepsetms.com.np/main.641ccfdd576230d8a3bb.js:1:2672274)
    at t.invokeTask (https://tms49.nepsetms.com.np/polyfills.814482654074b59c3e11.js:1:7981)
    at e.runTask (https://tms49.nepsetms.com.np/polyfills.814482654074b59c3e11.js:1:3242)
    at g (https://tms49.nepsetms.com.np/polyfills.814482654074b59c3e11.js:1:10327)
    at e.invokeTask [as invoke] (https://tms49.nepsetms.com.np/polyfills.814482654074b59c3e11.js:1:9172)
    at y (https://tms49.nepsetms.com.np/polyfills.814482654074b59c3e11.js:1:22589)
    at XMLHttpRequest._ (https://tms49.nepsetms.com.np/polyfills.814482654074b59c3e11.js:1:22819)", source: https://tms49.nepsetms.com.np/main.641ccfdd576230d8a3bb.js (1)
[1211/144204.804:INFO:CONSOLE:1] "Error: Uncaught (in promise): TypeError: n.resolve is not a function
TypeError: n.resolve is not a function
    at https://tms49.nepsetms.com.np/6.2574d70608dfefcf2c35.js:1:2518468
    at t.invoke (https://tms49.nepsetms.com.np/polyfills.814482654074b59c3e11.js:1:7376)
    at Object.onInvoke (https://tms49.nepsetms.com.np/main.641ccfdd576230d8a3bb.js:1:2672356)
    at t.invoke (https://tms49.nepsetms.com.np/polyfills.814482654074b59c3e11.js:1:7316)
    at e.run (https://tms49.nepsetms.com.np/polyfills.814482654074b59c3e11.js:1:2579)
    at https://tms49.nepsetms.com.np/polyfills.814482654074b59c3e11.js:1:14043
    at t.invokeTask (https://tms49.nepsetms.com.np/polyfills.814482654074b59c3e11.js:1:8060)
    at Object.onInvokeTask (https://tms49.nepsetms.com.np/main.641ccfdd576230d8a3bb.js:1:2672274)
    at t.invokeTask (https://tms49.nepsetms.com.np/polyfills.814482654074b59c3e11.js:1:7981)
    at e.runTask (https://tms49.nepsetms.com.np/polyfills.814482654074b59c3e11.js:1:3242)
    at g (https://tms49.nepsetms.com.np/polyfills.814482654074b59c3e11.js:1:10327)
    at e.invokeTask [as invoke] (https://tms49.nepsetms.com.np/polyfills.814482654074b59c3e11.js:1:9172)
    at y (https://tms49.nepsetms.com.np/polyfills.814482654074b59c3e11.js:1:22589)
    at XMLHttpRequest._ (https://tms49.nepsetms.com.np/polyfills.814482654074b59c3e11.js:1:22819)", source: https://tms49.nepsetms.com.np/main.641ccfdd576230d8a3bb.js (1)
[1211/144205.328:INFO:CONSOLE:1] "Error: Uncaught (in promise): TypeError: n.resolve is not a function
TypeError: n.resolve is not a function
    at https://tms49.nepsetms.com.np/6.2574d70608dfefcf2c35.js:1:2518468
    at t.invoke (https://tms49.nepsetms.com.np/polyfills.814482654074b59c3e11.js:1:7376)
    at Object.onInvoke (https://tms49.nepsetms.com.np/main.641ccfdd576230d8a3bb.js:1:2672356)
    at t.invoke (https://tms49.nepsetms.com.np/polyfills.814482654074b59c3e11.js:1:7316)
    at e.run (https://tms49.nepsetms.com.np/polyfills.814482654074b59c3e11.js:1:2579)
    at https://tms49.nepsetms.com.np/polyfills.814482654074b59c3e11.js:1:14043
    at t.invokeTask (https://tms49.nepsetms.com.np/polyfills.814482654074b59c3e11.js:1:8060)
    at Object.onInvokeTask (https://tms49.nepsetms.com.np/main.641ccfdd576230d8a3bb.js:1:2672274)
    at t.invokeTask (https://tms49.nepsetms.com.np/polyfills.814482654074b59c3e11.js:1:7981)
    at e.runTask (https://tms49.nepsetms.com.np/polyfills.814482654074b59c3e11.js:1:3242)
    at g (https://tms49.nepsetms.com.np/polyfills.814482654074b59c3e11.js:1:10327)
    at e.invokeTask [as invoke] (https://tms49.nepsetms.com.np/polyfills.814482654074b59c3e11.js:1:9172)
    at y (https://tms49.nepsetms.com.np/polyfills.814482654074b59c3e11.js:1:22589)
    at XMLHttpRequest._ (https://tms49.nepsetms.com.np/polyfills.814482654074b59c3e11.js:1:22819)", source: https://tms49.nepsetms.com.np/main.641ccfdd576230d8a3bb.js (1)
[1211/144205.843:INFO:CONSOLE:1] "Error: Uncaught (in promise): TypeError: n.resolve is not a function
TypeError: n.resolve is not a function
    at https://tms49.nepsetms.com.np/6.2574d70608dfefcf2c35.js:1:2518468
    at t.invoke (https://tms49.nepsetms.com.np/polyfills.814482654074b59c3e11.js:1:7376)
    at Object.onInvoke (https://tms49.nepsetms.com.np/main.641ccfdd576230d8a3bb.js:1:2672356)
    at t.invoke (https://tms49.nepsetms.com.np/polyfills.814482654074b59c3e11.js:1:7316)
    at e.run (https://tms49.nepsetms.com.np/polyfills.814482654074b59c3e11.js:1:2579)
    at https://tms49.nepsetms.com.np/polyfills.814482654074b59c3e11.js:1:14043
    at t.invokeTask (https://tms49.nepsetms.com.np/polyfills.814482654074b59c3e11.js:1:8060)
    at Object.onInvokeTask (https://tms49.nepsetms.com.np/main.641ccfdd576230d8a3bb.js:1:2672274)
    at t.invokeTask (https://tms49.nepsetms.com.np/polyfills.814482654074b59c3e11.js:1:7981)
    at e.runTask (https://tms49.nepsetms.com.np/polyfills.814482654074b59c3e11.js:1:3242)
    at g (https://tms49.nepsetms.com.np/polyfills.814482654074b59c3e11.js:1:10327)
    at e.invokeTask [as invoke] (https://tms49.nepsetms.com.np/polyfills.814482654074b59c3e11.js:1:9172)
    at y (https://tms49.nepsetms.com.np/polyfills.814482654074b59c3e11.js:1:22589)
    at XMLHttpRequest._ (https://tms49.nepsetms.com.np/polyfills.814482654074b59c3e11.js:1:22819)", source: https://tms49.nepsetms.com.np/main.641ccfdd576230d8a3bb.js (1)
[1211/144206.364:INFO:CONSOLE:1] "Error: Uncaught (in promise): TypeError: n.resolve is not a function
TypeError: n.resolve is not a function
    at https://tms49.nepsetms.com.np/6.2574d70608dfefcf2c35.js:1:2518468
    at t.invoke (https://tms49.nepsetms.com.np/polyfills.814482654074b59c3e11.js:1:7376)
    at Object.onInvoke (https://tms49.nepsetms.com.np/main.641ccfdd576230d8a3bb.js:1:2672356)
    at t.invoke (https://tms49.nepsetms.com.np/polyfills.814482654074b59c3e11.js:1:7316)
    at e.run (https://tms49.nepsetms.com.np/polyfills.814482654074b59c3e11.js:1:2579)
    at https://tms49.nepsetms.com.np/polyfills.814482654074b59c3e11.js:1:14043
    at t.invokeTask (https://tms49.nepsetms.com.np/polyfills.814482654074b59c3e11.js:1:8060)
    at Object.onInvokeTask (https://tms49.nepsetms.com.np/main.641ccfdd576230d8a3bb.js:1:2672274)
    at t.invokeTask (https://tms49.nepsetms.com.np/polyfills.814482654074b59c3e11.js:1:7981)
    at e.runTask (https://tms49.nepsetms.com.np/polyfills.814482654074b59c3e11.js:1:3242)
    at g (https://tms49.nepsetms.com.np/polyfills.814482654074b59c3e11.js:1:10327)
    at e.invokeTask [as invoke] (https://tms49.nepsetms.com.np/polyfills.814482654074b59c3e11.js:1:9172)
    at y (https://tms49.nepsetms.com.np/polyfills.814482654074b59c3e11.js:1:22589)
    at XMLHttpRequest._ (https://tms49.nepsetms.com.np/polyfills.814482654074b59c3e11.js:1:22819)", source: https://tms49.nepsetms.com.np/main.641ccfdd576230d8a3bb.js (1)
[1211/144206.873:INFO:CONSOLE:1] "Error: Uncaught (in promise): TypeError: n.resolve is not a function
TypeError: n.resolve is not a function
    at https://tms49.nepsetms.com.np/6.2574d70608dfefcf2c35.js:1:2518468
    at t.invoke (https://tms49.nepsetms.com.np/polyfills.814482654074b59c3e11.js:1:7376)
    at Object.onInvoke (https://tms49.nepsetms.com.np/main.641ccfdd576230d8a3bb.js:1:2672356)
    at t.invoke (https://tms49.nepsetms.com.np/polyfills.814482654074b59c3e11.js:1:7316)
    at e.run (https://tms49.nepsetms.com.np/polyfills.814482654074b59c3e11.js:1:2579)
    at https://tms49.nepsetms.com.np/polyfills.814482654074b59c3e11.js:1:14043
    at t.invokeTask (https://tms49.nepsetms.com.np/polyfills.814482654074b59c3e11.js:1:8060)
    at Object.onInvokeTask (https://tms49.nepsetms.com.np/main.641ccfdd576230d8a3bb.js:1:2672274)
    at t.invokeTask (https://tms49.nepsetms.com.np/polyfills.814482654074b59c3e11.js:1:7981)
    at e.runTask (https://tms49.nepsetms.com.np/polyfills.814482654074b59c3e11.js:1:3242)
    at g (https://tms49.nepsetms.com.np/polyfills.814482654074b59c3e11.js:1:10327)
    at e.invokeTask [as invoke] (https://tms49.nepsetms.com.np/polyfills.814482654074b59c3e11.js:1:9172)
    at y (https://tms49.nepsetms.com.np/polyfills.814482654074b59c3e11.js:1:22589)
    at XMLHttpRequest._ (https://tms49.nepsetms.com.np/polyfills.814482654074b59c3e11.js:1:22892)", source: https://tms49.nepsetms.com.np/main.641ccfdd576230d8a3bb.js (1)
[1211/144207.406:INFO:CONSOLE:1] "Error: Uncaught (in promise): TypeError: n.resolve is not a function
TypeError: n.resolve is not a function
    at https://tms49.nepsetms.com.np/6.2574d70608dfefcf2c35.js:1:2518468
    at t.invoke (https://tms49.nepsetms.com.np/polyfills.814482654074b59c3e11.js:1:7376)
    at Object.onInvoke (https://tms49.nepsetms.com.np/main.641ccfdd576230d8a3bb.js:1:2672356)
    at t.invoke (https://tms49.nepsetms.com.np/polyfills.814482654074b59c3e11.js:1:7316)
    at e.run (https://tms49.nepsetms.com.np/polyfills.814482654074b59c3e11.js:1:2579)
    at https://tms49.nepsetms.com.np/polyfills.814482654074b59c3e11.js:1:14043
    at t.invokeTask (https://tms49.nepsetms.com.np/polyfills.814482654074b59c3e11.js:1:8060)
    at Object.onInvokeTask (https://tms49.nepsetms.com.np/main.641ccfdd576230d8a3bb.js:1:2672274)
    at t.invokeTask (https://tms49.nepsetms.com.np/polyfills.814482654074b59c3e11.js:1:7981)
    at e.runTask (https://tms49.nepsetms.com.np/polyfills.814482654074b59c3e11.js:1:3242)
    at g (https://tms49.nepsetms.com.np/polyfills.814482654074b59c3e11.js:1:10327)
    at e.invokeTask [as invoke] (https://tms49.nepsetms.com.np/polyfills.814482654074b59c3e11.js:1:9172)
    at y (https://tms49.nepsetms.com.np/polyfills.814482654074b59c3e11.js:1:22589)
    at XMLHttpRequest._ (https://tms49.nepsetms.com.np/polyfills.814482654074b59c3e11.js:1:22819)", source: https://tms49.nepsetms.com.np/main.641ccfdd576230d8a3bb.js (1)
[1211/144207.923:INFO:CONSOLE:1] "Error: Uncaught (in promise): TypeError: n.resolve is not a function
TypeError: n.resolve is not a function
    at https://tms49.nepsetms.com.np/6.2574d70608dfefcf2c35.js:1:2518468
    at t.invoke (https://tms49.nepsetms.com.np/polyfills.814482654074b59c3e11.js:1:7376)
    at Object.onInvoke (https://tms49.nepsetms.com.np/main.641ccfdd576230d8a3bb.js:1:2672356)
    at t.invoke (https://tms49.nepsetms.com.np/polyfills.814482654074b59c3e11.js:1:7316)
    at e.run (https://tms49.nepsetms.com.np/polyfills.814482654074b59c3e11.js:1:2579)
    at https://tms49.nepsetms.com.np/polyfills.814482654074b59c3e11.js:1:14043
    at t.invokeTask (https://tms49.nepsetms.com.np/polyfills.814482654074b59c3e11.js:1:8060)
    at Object.onInvokeTask (https://tms49.nepsetms.com.np/main.641ccfdd576230d8a3bb.js:1:2672274)
    at t.invokeTask (https://tms49.nepsetms.com.np/polyfills.814482654074b59c3e11.js:1:7981)
    at e.runTask (https://tms49.nepsetms.com.np/polyfills.814482654074b59c3e11.js:1:3242)
    at g (https://tms49.nepsetms.com.np/polyfills.814482654074b59c3e11.js:1:10327)
    at e.invokeTask [as invoke] (https://tms49.nepsetms.com.np/polyfills.814482654074b59c3e11.js:1:9172)
    at y (https://tms49.nepsetms.com.np/polyfills.814482654074b59c3e11.js:1:22589)
    at XMLHttpRequest._ (https://tms49.nepsetms.com.np/polyfills.814482654074b59c3e11.js:1:22819)", source: https://tms49.nepsetms.com.np/main.641ccfdd576230d8a3bb.js (1)
[1211/144208.442:INFO:CONSOLE:1] "Error: Uncaught (in promise): TypeError: n.resolve is not a function
TypeError: n.resolve is not a function
    at https://tms49.nepsetms.com.np/6.2574d70608dfefcf2c35.js:1:2518468
    at t.invoke (https://tms49.nepsetms.com.np/polyfills.814482654074b59c3e11.js:1:7376)
    at Object.onInvoke (https://tms49.nepsetms.com.np/main.641ccfdd576230d8a3bb.js:1:2672356)
    at t.invoke (https://tms49.nepsetms.com.np/polyfills.814482654074b59c3e11.js:1:7316)
    at e.run (https://tms49.nepsetms.com.np/polyfills.814482654074b59c3e11.js:1:2579)
    at https://tms49.nepsetms.com.np/polyfills.814482654074b59c3e11.js:1:14043
    at t.invokeTask (https://tms49.nepsetms.com.np/polyfills.814482654074b59c3e11.js:1:8060)
    at Object.onInvokeTask (https://tms49.nepsetms.com.np/main.641ccfdd576230d8a3bb.js:1:2672274)
    at t.invokeTask (https://tms49.nepsetms.com.np/polyfills.814482654074b59c3e11.js:1:7981)
    at e.runTask (https://tms49.nepsetms.com.np/polyfills.814482654074b59c3e11.js:1:3242)
    at g (https://tms49.nepsetms.com.np/polyfills.814482654074b59c3e11.js:1:10327)
    at e.invokeTask [as invoke] (https://tms49.nepsetms.com.np/polyfills.814482654074b59c3e11.js:1:9172)
    at y (https://tms49.nepsetms.com.np/polyfills.814482654074b59c3e11.js:1:22589)
    at XMLHttpRequest._ (https://tms49.nepsetms.com.np/polyfills.814482654074b59c3e11.js:1:22819)", source: https://tms49.nepsetms.com.np/main.641ccfdd576230d8a3bb.js (1)
[1211/144208.944:INFO:CONSOLE:1] "Error: Uncaught (in promise): TypeError: n.resolve is not a function
TypeError: n.resolve is not a function
    at https://tms49.nepsetms.com.np/6.2574d70608dfefcf2c35.js:1:2518468
    at t.invoke (https://tms49.nepsetms.com.np/polyfills.814482654074b59c3e11.js:1:7376)
    at Object.onInvoke (https://tms49.nepsetms.com.np/main.641ccfdd576230d8a3bb.js:1:2672356)
    at t.invoke (https://tms49.nepsetms.com.np/polyfills.814482654074b59c3e11.js:1:7316)
    at e.run (https://tms49.nepsetms.com.np/polyfills.814482654074b59c3e11.js:1:2579)
    at https://tms49.nepsetms.com.np/polyfills.814482654074b59c3e11.js:1:14043
    at t.invokeTask (https://tms49.nepsetms.com.np/polyfills.814482654074b59c3e11.js:1:8060)
    at Object.onInvokeTask (https://tms49.nepsetms.com.np/main.641ccfdd576230d8a3bb.js:1:2672274)
    at t.invokeTask (https://tms49.nepsetms.com.np/polyfills.814482654074b59c3e11.js:1:7981)
    at e.runTask (https://tms49.nepsetms.com.np/polyfills.814482654074b59c3e11.js:1:3242)
    at g (https://tms49.nepsetms.com.np/polyfills.814482654074b59c3e11.js:1:10327)
    at e.invokeTask [as invoke] (https://tms49.nepsetms.com.np/polyfills.814482654074b59c3e11.js:1:9172)
    at y (https://tms49.nepsetms.com.np/polyfills.814482654074b59c3e11.js:1:22589)
    at XMLHttpRequest._ (https://tms49.nepsetms.com.np/polyfills.814482654074b59c3e11.js:1:22819)", source: https://tms49.nepsetms.com.np/main.641ccfdd576230d8a3bb.js (1)
[1211/144209.464:INFO:CONSOLE:1] "Error: Uncaught (in promise): TypeError: n.resolve is not a function
TypeError: n.resolve is not a function
    at https://tms49.nepsetms.com.np/6.2574d70608dfefcf2c35.js:1:2518468
    at t.invoke (https://tms49.nepsetms.com.np/polyfills.814482654074b59c3e11.js:1:7376)
    at Object.onInvoke (https://tms49.nepsetms.com.np/main.641ccfdd576230d8a3bb.js:1:2672356)
    at t.invoke (https://tms49.nepsetms.com.np/polyfills.814482654074b59c3e11.js:1:7316)
    at e.run (https://tms49.nepsetms.com.np/polyfills.814482654074b59c3e11.js:1:2579)
    at https://tms49.nepsetms.com.np/polyfills.814482654074b59c3e11.js:1:14043
    at t.invokeTask (https://tms49.nepsetms.com.np/polyfills.814482654074b59c3e11.js:1:8060)
    at Object.onInvokeTask (https://tms49.nepsetms.com.np/main.641ccfdd576230d8a3bb.js:1:2672274)
    at t.invokeTask (https://tms49.nepsetms.com.np/polyfills.814482654074b59c3e11.js:1:7981)
    at e.runTask (https://tms49.nepsetms.com.np/polyfills.814482654074b59c3e11.js:1:3242)
    at g (https://tms49.nepsetms.com.np/polyfills.814482654074b59c3e11.js:1:10327)
    at e.invokeTask [as invoke] (https://tms49.nepsetms.com.np/polyfills.814482654074b59c3e11.js:1:9172)
    at y (https://tms49.nepsetms.com.np/polyfills.814482654074b59c3e11.js:1:22589)
    at XMLHttpRequest._ (https://tms49.nepsetms.com.np/polyfills.814482654074b59c3e11.js:1:22819)", source: https://tms49.nepsetms.com.np/main.641ccfdd576230d8a3bb.js (1)
[1211/144209.967:INFO:CONSOLE:1] "Error: Uncaught (in promise): TypeError: n.resolve is not a function
TypeError: n.resolve is not a function
    at https://tms49.nepsetms.com.np/6.2574d70608dfefcf2c35.js:1:2518468
    at t.invoke (https://tms49.nepsetms.com.np/polyfills.814482654074b59c3e11.js:1:7376)
    at Object.onInvoke (https://tms49.nepsetms.com.np/main.641ccfdd576230d8a3bb.js:1:2672356)
    at t.invoke (https://tms49.nepsetms.com.np/polyfills.814482654074b59c3e11.js:1:7316)
    at e.run (https://tms49.nepsetms.com.np/polyfills.814482654074b59c3e11.js:1:2579)
    at https://tms49.nepsetms.com.np/polyfills.814482654074b59c3e11.js:1:14043
    at t.invokeTask (https://tms49.nepsetms.com.np/polyfills.814482654074b59c3e11.js:1:8060)
    at Object.onInvokeTask (https://tms49.nepsetms.com.np/main.641ccfdd576230d8a3bb.js:1:2672274)
    at t.invokeTask (https://tms49.nepsetms.com.np/polyfills.814482654074b59c3e11.js:1:7981)
    at e.runTask (https://tms49.nepsetms.com.np/polyfills.814482654074b59c3e11.js:1:3242)
    at g (https://tms49.nepsetms.com.np/polyfills.814482654074b59c3e11.js:1:10327)
    at e.invokeTask [as invoke] (https://tms49.nepsetms.com.np/polyfills.814482654074b59c3e11.js:1:9172)
    at y (https://tms49.nepsetms.com.np/polyfills.814482654074b59c3e11.js:1:22589)
    at XMLHttpRequest._ (https://tms49.nepsetms.com.np/polyfills.814482654074b59c3e11.js:1:22892)", source: https://tms49.nepsetms.com.np/main.641ccfdd576230d8a3bb.js (1)
[1211/144210.488:INFO:CONSOLE:1] "Error: Uncaught (in promise): TypeError: n.resolve is not a function
TypeError: n.resolve is not a function
    at https://tms49.nepsetms.com.np/6.2574d70608dfefcf2c35.js:1:2518468
    at t.invoke (https://tms49.nepsetms.com.np/polyfills.814482654074b59c3e11.js:1:7376)
    at Object.onInvoke (https://tms49.nepsetms.com.np/main.641ccfdd576230d8a3bb.js:1:2672356)
    at t.invoke (https://tms49.nepsetms.com.np/polyfills.814482654074b59c3e11.js:1:7316)
    at e.run (https://tms49.nepsetms.com.np/polyfills.814482654074b59c3e11.js:1:2579)
    at https://tms49.nepsetms.com.np/polyfills.814482654074b59c3e11.js:1:14043
    at t.invokeTask (https://tms49.nepsetms.com.np/polyfills.814482654074b59c3e11.js:1:8060)
    at Object.onInvokeTask (https://tms49.nepsetms.com.np/main.641ccfdd576230d8a3bb.js:1:2672274)
    at t.invokeTask (https://tms49.nepsetms.com.np/polyfills.814482654074b59c3e11.js:1:7981)
    at e.runTask (https://tms49.nepsetms.com.np/polyfills.814482654074b59c3e11.js:1:3242)
    at g (https://tms49.nepsetms.com.np/polyfills.814482654074b59c3e11.js:1:10327)
    at e.invokeTask [as invoke] (https://tms49.nepsetms.com.np/polyfills.814482654074b59c3e11.js:1:9172)
    at y (https://tms49.nepsetms.com.np/polyfills.814482654074b59c3e11.js:1:22589)
    at XMLHttpRequest._ (https://tms49.nepsetms.com.np/polyfills.814482654074b59c3e11.js:1:22819)", source: https://tms49.nepsetms.com.np/main.641ccfdd576230d8a3bb.js (1)
[1211/144211.003:INFO:CONSOLE:1] "Error: Uncaught (in promise): TypeError: n.resolve is not a function
TypeError: n.resolve is not a function
    at https://tms49.nepsetms.com.np/6.2574d70608dfefcf2c35.js:1:2518468
    at t.invoke (https://tms49.nepsetms.com.np/polyfills.814482654074b59c3e11.js:1:7376)
    at Object.onInvoke (https://tms49.nepsetms.com.np/main.641ccfdd576230d8a3bb.js:1:2672356)
    at t.invoke (https://tms49.nepsetms.com.np/polyfills.814482654074b59c3e11.js:1:7316)
    at e.run (https://tms49.nepsetms.com.np/polyfills.814482654074b59c3e11.js:1:2579)
    at https://tms49.nepsetms.com.np/polyfills.814482654074b59c3e11.js:1:14043
    at t.invokeTask (https://tms49.nepsetms.com.np/polyfills.814482654074b59c3e11.js:1:8060)
    at Object.onInvokeTask (https://tms49.nepsetms.com.np/main.641ccfdd576230d8a3bb.js:1:2672274)
    at t.invokeTask (https://tms49.nepsetms.com.np/polyfills.814482654074b59c3e11.js:1:7981)
    at e.runTask (https://tms49.nepsetms.com.np/polyfills.814482654074b59c3e11.js:1:3242)
    at g (https://tms49.nepsetms.com.np/polyfills.814482654074b59c3e11.js:1:10327)
    at e.invokeTask [as invoke] (https://tms49.nepsetms.com.np/polyfills.814482654074b59c3e11.js:1:9172)
    at y (https://tms49.nepsetms.com.np/polyfills.814482654074b59c3e11.js:1:22589)
    at XMLHttpRequest._ (https://tms49.nepsetms.com.np/polyfills.814482654074b59c3e11.js:1:22819)", source: https://tms49.nepsetms.com.np/main.641ccfdd576230d8a3bb.js (1)
[1211/144211.522:INFO:CONSOLE:1] "Error: Uncaught (in promise): TypeError: n.resolve is not a function
TypeError: n.resolve is not a function
    at https://tms49.nepsetms.com.np/6.2574d70608dfefcf2c35.js:1:2518468
    at t.invoke (https://tms49.nepsetms.com.np/polyfills.814482654074b59c3e11.js:1:7376)
    at Object.onInvoke (https://tms49.nepsetms.com.np/main.641ccfdd576230d8a3bb.js:1:2672356)
    at t.invoke (https://tms49.nepsetms.com.np/polyfills.814482654074b59c3e11.js:1:7316)
    at e.run (https://tms49.nepsetms.com.np/polyfills.814482654074b59c3e11.js:1:2579)
    at https://tms49.nepsetms.com.np/polyfills.814482654074b59c3e11.js:1:14043
    at t.invokeTask (https://tms49.nepsetms.com.np/polyfills.814482654074b59c3e11.js:1:8060)
    at Object.onInvokeTask (https://tms49.nepsetms.com.np/main.641ccfdd576230d8a3bb.js:1:2672274)
    at t.invokeTask (https://tms49.nepsetms.com.np/polyfills.814482654074b59c3e11.js:1:7981)
    at e.runTask (https://tms49.nepsetms.com.np/polyfills.814482654074b59c3e11.js:1:3242)
    at g (https://tms49.nepsetms.com.np/polyfills.814482654074b59c3e11.js:1:10327)
    at e.invokeTask [as invoke] (https://tms49.nepsetms.com.np/polyfills.814482654074b59c3e11.js:1:9172)
    at y (https://tms49.nepsetms.com.np/polyfills.814482654074b59c3e11.js:1:22589)
    at XMLHttpRequest._ (https://tms49.nepsetms.com.np/polyfills.814482654074b59c3e11.js:1:22819)", source: https://tms49.nepsetms.com.np/main.641ccfdd576230d8a3bb.js (1)
[1211/144212.036:INFO:CONSOLE:1] "Error: Uncaught (in promise): TypeError: n.resolve is not a function
TypeError: n.resolve is not a function
    at https://tms49.nepsetms.com.np/6.2574d70608dfefcf2c35.js:1:2518468
    at t.invoke (https://tms49.nepsetms.com.np/polyfills.814482654074b59c3e11.js:1:7376)
    at Object.onInvoke (https://tms49.nepsetms.com.np/main.641ccfdd576230d8a3bb.js:1:2672356)
    at t.invoke (https://tms49.nepsetms.com.np/polyfills.814482654074b59c3e11.js:1:7316)
    at e.run (https://tms49.nepsetms.com.np/polyfills.814482654074b59c3e11.js:1:2579)
    at https://tms49.nepsetms.com.np/polyfills.814482654074b59c3e11.js:1:14043
    at t.invokeTask (https://tms49.nepsetms.com.np/polyfills.814482654074b59c3e11.js:1:8060)
    at Object.onInvokeTask (https://tms49.nepsetms.com.np/main.641ccfdd576230d8a3bb.js:1:2672274)
    at t.invokeTask (https://tms49.nepsetms.com.np/polyfills.814482654074b59c3e11.js:1:7981)
    at e.runTask (https://tms49.nepsetms.com.np/polyfills.814482654074b59c3e11.js:1:3242)
    at g (https://tms49.nepsetms.com.np/polyfills.814482654074b59c3e11.js:1:10327)
    at e.invokeTask [as invoke] (https://tms49.nepsetms.com.np/polyfills.814482654074b59c3e11.js:1:9172)
    at y (https://tms49.nepsetms.com.np/polyfills.814482654074b59c3e11.js:1:22589)
    at XMLHttpRequest._ (https://tms49.nepsetms.com.np/polyfills.814482654074b59c3e11.js:1:22819)", source: https://tms49.nepsetms.com.np/main.641ccfdd576230d8a3bb.js (1)
[1211/144212.556:INFO:CONSOLE:1] "Error: Uncaught (in promise): TypeError: n.resolve is not a function
TypeError: n.resolve is not a function
    at https://tms49.nepsetms.com.np/6.2574d70608dfefcf2c35.js:1:2518468
    at t.invoke (https://tms49.nepsetms.com.np/polyfills.814482654074b59c3e11.js:1:7376)
    at Object.onInvoke (https://tms49.nepsetms.com.np/main.641ccfdd576230d8a3bb.js:1:2672356)
    at t.invoke (https://tms49.nepsetms.com.np/polyfills.814482654074b59c3e11.js:1:7316)
    at e.run (https://tms49.nepsetms.com.np/polyfills.814482654074b59c3e11.js:1:2579)
    at https://tms49.nepsetms.com.np/polyfills.814482654074b59c3e11.js:1:14043
    at t.invokeTask (https://tms49.nepsetms.com.np/polyfills.814482654074b59c3e11.js:1:8060)
    at Object.onInvokeTask (https://tms49.nepsetms.com.np/main.641ccfdd576230d8a3bb.js:1:2672274)
    at t.invokeTask (https://tms49.nepsetms.com.np/polyfills.814482654074b59c3e11.js:1:7981)
    at e.runTask (https://tms49.nepsetms.com.np/polyfills.814482654074b59c3e11.js:1:3242)
    at g (https://tms49.nepsetms.com.np/polyfills.814482654074b59c3e11.js:1:10327)
    at e.invokeTask [as invoke] (https://tms49.nepsetms.com.np/polyfills.814482654074b59c3e11.js:1:9172)
    at y (https://tms49.nepsetms.com.np/polyfills.814482654074b59c3e11.js:1:22589)
    at XMLHttpRequest._ (https://tms49.nepsetms.com.np/polyfills.814482654074b59c3e11.js:1:22819)", source: https://tms49.nepsetms.com.np/main.641ccfdd576230d8a3bb.js (1)
[1211/144213.073:INFO:CONSOLE:1] "Error: Uncaught (in promise): TypeError: n.resolve is not a function
TypeError: n.resolve is not a function
    at https://tms49.nepsetms.com.np/6.2574d70608dfefcf2c35.js:1:2518468
    at t.invoke (https://tms49.nepsetms.com.np/polyfills.814482654074b59c3e11.js:1:7376)
    at Object.onInvoke (https://tms49.nepsetms.com.np/main.641ccfdd576230d8a3bb.js:1:2672356)
    at t.invoke (https://tms49.nepsetms.com.np/polyfills.814482654074b59c3e11.js:1:7316)
    at e.run (https://tms49.nepsetms.com.np/polyfills.814482654074b59c3e11.js:1:2579)
    at https://tms49.nepsetms.com.np/polyfills.814482654074b59c3e11.js:1:14043
    at t.invokeTask (https://tms49.nepsetms.com.np/polyfills.814482654074b59c3e11.js:1:8060)
    at Object.onInvokeTask (https://tms49.nepsetms.com.np/main.641ccfdd576230d8a3bb.js:1:2672274)
    at t.invokeTask (https://tms49.nepsetms.com.np/polyfills.814482654074b59c3e11.js:1:7981)
    at e.runTask (https://tms49.nepsetms.com.np/polyfills.814482654074b59c3e11.js:1:3242)
    at g (https://tms49.nepsetms.com.np/polyfills.814482654074b59c3e11.js:1:10327)
    at e.invokeTask [as invoke] (https://tms49.nepsetms.com.np/polyfills.814482654074b59c3e11.js:1:9172)
    at y (https://tms49.nepsetms.com.np/polyfills.814482654074b59c3e11.js:1:22589)
    at XMLHttpRequest._ (https://tms49.nepsetms.com.np/polyfills.814482654074b59c3e11.js:1:22892)", source: https://tms49.nepsetms.com.np/main.641ccfdd576230d8a3bb.js (1)
[1211/144213.588:INFO:CONSOLE:1] "Error: Uncaught (in promise): TypeError: n.resolve is not a function
TypeError: n.resolve is not a function
    at https://tms49.nepsetms.com.np/6.2574d70608dfefcf2c35.js:1:2518468
    at t.invoke (https://tms49.nepsetms.com.np/polyfills.814482654074b59c3e11.js:1:7376)
    at Object.onInvoke (https://tms49.nepsetms.com.np/main.641ccfdd576230d8a3bb.js:1:2672356)
    at t.invoke (https://tms49.nepsetms.com.np/polyfills.814482654074b59c3e11.js:1:7316)
    at e.run (https://tms49.nepsetms.com.np/polyfills.814482654074b59c3e11.js:1:2579)
    at https://tms49.nepsetms.com.np/polyfills.814482654074b59c3e11.js:1:14043
    at t.invokeTask (https://tms49.nepsetms.com.np/polyfills.814482654074b59c3e11.js:1:8060)
    at Object.onInvokeTask (https://tms49.nepsetms.com.np/main.641ccfdd576230d8a3bb.js:1:2672274)
    at t.invokeTask (https://tms49.nepsetms.com.np/polyfills.814482654074b59c3e11.js:1:7981)
    at e.runTask (https://tms49.nepsetms.com.np/polyfills.814482654074b59c3e11.js:1:3242)
    at g (https://tms49.nepsetms.com.np/polyfills.814482654074b59c3e11.js:1:10327)
    at e.invokeTask [as invoke] (https://tms49.nepsetms.com.np/polyfills.814482654074b59c3e11.js:1:9172)
    at y (https://tms49.nepsetms.com.np/polyfills.814482654074b59c3e11.js:1:22589)
    at XMLHttpRequest._ (https://tms49.nepsetms.com.np/polyfills.814482654074b59c3e11.js:1:22819)", source: https://tms49.nepsetms.com.np/main.641ccfdd576230d8a3bb.js (1)
[1211/144213.645:INFO:CONSOLE:1] "Reconnecting WebSocket. Retry Duration: 10 seconds", source: https://tms49.nepsetms.com.np/main.641ccfdd576230d8a3bb.js (1)
[1211/144213.654:INFO:CONSOLE:1] "Websocket Closed", source: https://tms49.nepsetms.com.np/main.641ccfdd576230d8a3bb.js (1)
[1211/144214.117:INFO:CONSOLE:1] "Error: Uncaught (in promise): TypeError: n.resolve is not a function
TypeError: n.resolve is not a function
    at https://tms49.nepsetms.com.np/6.2574d70608dfefcf2c35.js:1:2518468
    at t.invoke (https://tms49.nepsetms.com.np/polyfills.814482654074b59c3e11.js:1:7376)
    at Object.onInvoke (https://tms49.nepsetms.com.np/main.641ccfdd576230d8a3bb.js:1:2672356)
    at t.invoke (https://tms49.nepsetms.com.np/polyfills.814482654074b59c3e11.js:1:7316)
    at e.run (https://tms49.nepsetms.com.np/polyfills.814482654074b59c3e11.js:1:2579)
    at https://tms49.nepsetms.com.np/polyfills.814482654074b59c3e11.js:1:14043
    at t.invokeTask (https://tms49.nepsetms.com.np/polyfills.814482654074b59c3e11.js:1:8060)
    at Object.onInvokeTask (https://tms49.nepsetms.com.np/main.641ccfdd576230d8a3bb.js:1:2672274)
    at t.invokeTask (https://tms49.nepsetms.com.np/polyfills.814482654074b59c3e11.js:1:7981)
    at e.runTask (https://tms49.nepsetms.com.np/polyfills.814482654074b59c3e11.js:1:3242)
    at g (https://tms49.nepsetms.com.np/polyfills.814482654074b59c3e11.js:1:10327)
    at e.invokeTask [as invoke] (https://tms49.nepsetms.com.np/polyfills.814482654074b59c3e11.js:1:9172)
    at y (https://tms49.nepsetms.com.np/polyfills.814482654074b59c3e11.js:1:22589)
    at XMLHttpRequest._ (https://tms49.nepsetms.com.np/polyfills.814482654074b59c3e11.js:1:22819)", source: https://tms49.nepsetms.com.np/main.641ccfdd576230d8a3bb.js (1)
[1211/144214.623:INFO:CONSOLE:1] "Error: Uncaught (in promise): TypeError: n.resolve is not a function
TypeError: n.resolve is not a function
    at https://tms49.nepsetms.com.np/6.2574d70608dfefcf2c35.js:1:2518468
    at t.invoke (https://tms49.nepsetms.com.np/polyfills.814482654074b59c3e11.js:1:7376)
    at Object.onInvoke (https://tms49.nepsetms.com.np/main.641ccfdd576230d8a3bb.js:1:2672356)
    at t.invoke (https://tms49.nepsetms.com.np/polyfills.814482654074b59c3e11.js:1:7316)
    at e.run (https://tms49.nepsetms.com.np/polyfills.814482654074b59c3e11.js:1:2579)
    at https://tms49.nepsetms.com.np/polyfills.814482654074b59c3e11.js:1:14043
    at t.invokeTask (https://tms49.nepsetms.com.np/polyfills.814482654074b59c3e11.js:1:8060)
    at Object.onInvokeTask (https://tms49.nepsetms.com.np/main.641ccfdd576230d8a3bb.js:1:2672274)
    at t.invokeTask (https://tms49.nepsetms.com.np/polyfills.814482654074b59c3e11.js:1:7981)
    at e.runTask (https://tms49.nepsetms.com.np/polyfills.814482654074b59c3e11.js:1:3242)
    at g (https://tms49.nepsetms.com.np/polyfills.814482654074b59c3e11.js:1:10327)
    at e.invokeTask [as invoke] (https://tms49.nepsetms.com.np/polyfills.814482654074b59c3e11.js:1:9172)
    at y (https://tms49.nepsetms.com.np/polyfills.814482654074b59c3e11.js:1:22589)
    at XMLHttpRequest._ (https://tms49.nepsetms.com.np/polyfills.814482654074b59c3e11.js:1:22819)", source: https://tms49.nepsetms.com.np/main.641ccfdd576230d8a3bb.js (1)
[1211/144215.144:INFO:CONSOLE:1] "Error: Uncaught (in promise): TypeError: n.resolve is not a function
TypeError: n.resolve is not a function
    at https://tms49.nepsetms.com.np/6.2574d70608dfefcf2c35.js:1:2518468
    at t.invoke (https://tms49.nepsetms.com.np/polyfills.814482654074b59c3e11.js:1:7376)
    at Object.onInvoke (https://tms49.nepsetms.com.np/main.641ccfdd576230d8a3bb.js:1:2672356)
    at t.invoke (https://tms49.nepsetms.com.np/polyfills.814482654074b59c3e11.js:1:7316)
    at e.run (https://tms49.nepsetms.com.np/polyfills.814482654074b59c3e11.js:1:2579)
    at https://tms49.nepsetms.com.np/polyfills.814482654074b59c3e11.js:1:14043
    at t.invokeTask (https://tms49.nepsetms.com.np/polyfills.814482654074b59c3e11.js:1:8060)
    at Object.onInvokeTask (https://tms49.nepsetms.com.np/main.641ccfdd576230d8a3bb.js:1:2672274)
    at t.invokeTask (https://tms49.nepsetms.com.np/polyfills.814482654074b59c3e11.js:1:7981)
    at e.runTask (https://tms49.nepsetms.com.np/polyfills.814482654074b59c3e11.js:1:3242)
    at g (https://tms49.nepsetms.com.np/polyfills.814482654074b59c3e11.js:1:10327)
    at e.invokeTask [as invoke] (https://tms49.nepsetms.com.np/polyfills.814482654074b59c3e11.js:1:9172)
    at y (https://tms49.nepsetms.com.np/polyfills.814482654074b59c3e11.js:1:22589)
    at XMLHttpRequest._ (https://tms49.nepsetms.com.np/polyfills.814482654074b59c3e11.js:1:22819)", source: https://tms49.nepsetms.com.np/main.641ccfdd576230d8a3bb.js (1)
[1211/144215.642:INFO:CONSOLE:1] "Error: Uncaught (in promise): TypeError: n.resolve is not a function
TypeError: n.resolve is not a function
    at https://tms49.nepsetms.com.np/6.2574d70608dfefcf2c35.js:1:2518468
    at t.invoke (https://tms49.nepsetms.com.np/polyfills.814482654074b59c3e11.js:1:7376)
    at Object.onInvoke (https://tms49.nepsetms.com.np/main.641ccfdd576230d8a3bb.js:1:2672356)
    at t.invoke (https://tms49.nepsetms.com.np/polyfills.814482654074b59c3e11.js:1:7316)
    at e.run (https://tms49.nepsetms.com.np/polyfills.814482654074b59c3e11.js:1:2579)
    at https://tms49.nepsetms.com.np/polyfills.814482654074b59c3e11.js:1:14043
    at t.invokeTask (https://tms49.nepsetms.com.np/polyfills.814482654074b59c3e11.js:1:8060)
    at Object.onInvokeTask (https://tms49.nepsetms.com.np/main.641ccfdd576230d8a3bb.js:1:2672274)
    at t.invokeTask (https://tms49.nepsetms.com.np/polyfills.814482654074b59c3e11.js:1:7981)
    at e.runTask (https://tms49.nepsetms.com.np/polyfills.814482654074b59c3e11.js:1:3242)
    at g (https://tms49.nepsetms.com.np/polyfills.814482654074b59c3e11.js:1:10327)
    at e.invokeTask [as invoke] (https://tms49.nepsetms.com.np/polyfills.814482654074b59c3e11.js:1:9172)
    at y (https://tms49.nepsetms.com.np/polyfills.814482654074b59c3e11.js:1:22589)
    at XMLHttpRequest._ (https://tms49.nepsetms.com.np/polyfills.814482654074b59c3e11.js:1:22819)", source: https://tms49.nepsetms.com.np/main.641ccfdd576230d8a3bb.js (1)
[1211/144216.156:INFO:CONSOLE:1] "Error: Uncaught (in promise): TypeError: n.resolve is not a function
TypeError: n.resolve is not a function
    at https://tms49.nepsetms.com.np/6.2574d70608dfefcf2c35.js:1:2518468
    at t.invoke (https://tms49.nepsetms.com.np/polyfills.814482654074b59c3e11.js:1:7376)
    at Object.onInvoke (https://tms49.nepsetms.com.np/main.641ccfdd576230d8a3bb.js:1:2672356)
    at t.invoke (https://tms49.nepsetms.com.np/polyfills.814482654074b59c3e11.js:1:7316)
    at e.run (https://tms49.nepsetms.com.np/polyfills.814482654074b59c3e11.js:1:2579)
    at https://tms49.nepsetms.com.np/polyfills.814482654074b59c3e11.js:1:14043
    at t.invokeTask (https://tms49.nepsetms.com.np/polyfills.814482654074b59c3e11.js:1:8060)
    at Object.onInvokeTask (https://tms49.nepsetms.com.np/main.641ccfdd576230d8a3bb.js:1:2672274)
    at t.invokeTask (https://tms49.nepsetms.com.np/polyfills.814482654074b59c3e11.js:1:7981)
    at e.runTask (https://tms49.nepsetms.com.np/polyfills.814482654074b59c3e11.js:1:3242)
    at g (https://tms49.nepsetms.com.np/polyfills.814482654074b59c3e11.js:1:10327)
    at e.invokeTask [as invoke] (https://tms49.nepsetms.com.np/polyfills.814482654074b59c3e11.js:1:9172)
    at y (https://tms49.nepsetms.com.np/polyfills.814482654074b59c3e11.js:1:22589)
    at XMLHttpRequest._ (https://tms49.nepsetms.com.np/polyfills.814482654074b59c3e11.js:1:22892)", source: https://tms49.nepsetms.com.np/main.641ccfdd576230d8a3bb.js (1)
[1211/144216.676:INFO:CONSOLE:1] "Error: Uncaught (in promise): TypeError: n.resolve is not a function
TypeError: n.resolve is not a function
    at https://tms49.nepsetms.com.np/6.2574d70608dfefcf2c35.js:1:2518468
    at t.invoke (https://tms49.nepsetms.com.np/polyfills.814482654074b59c3e11.js:1:7376)
    at Object.onInvoke (https://tms49.nepsetms.com.np/main.641ccfdd576230d8a3bb.js:1:2672356)
    at t.invoke (https://tms49.nepsetms.com.np/polyfills.814482654074b59c3e11.js:1:7316)
    at e.run (https://tms49.nepsetms.com.np/polyfills.814482654074b59c3e11.js:1:2579)
    at https://tms49.nepsetms.com.np/polyfills.814482654074b59c3e11.js:1:14043
    at t.invokeTask (https://tms49.nepsetms.com.np/polyfills.814482654074b59c3e11.js:1:8060)
    at Object.onInvokeTask (https://tms49.nepsetms.com.np/main.641ccfdd576230d8a3bb.js:1:2672274)
    at t.invokeTask (https://tms49.nepsetms.com.np/polyfills.814482654074b59c3e11.js:1:7981)
    at e.runTask (https://tms49.nepsetms.com.np/polyfills.814482654074b59c3e11.js:1:3242)
    at g (https://tms49.nepsetms.com.np/polyfills.814482654074b59c3e11.js:1:10327)
    at e.invokeTask [as invoke] (https://tms49.nepsetms.com.np/polyfills.814482654074b59c3e11.js:1:9172)
    at y (https://tms49.nepsetms.com.np/polyfills.814482654074b59c3e11.js:1:22589)
    at XMLHttpRequest._ (https://tms49.nepsetms.com.np/polyfills.814482654074b59c3e11.js:1:22819)", source: https://tms49.nepsetms.com.np/main.641ccfdd576230d8a3bb.js (1)
[1211/144217.200:INFO:CONSOLE:1] "Error: Uncaught (in promise): TypeError: n.resolve is not a function
TypeError: n.resolve is not a function
    at https://tms49.nepsetms.com.np/6.2574d70608dfefcf2c35.js:1:2518468
    at t.invoke (https://tms49.nepsetms.com.np/polyfills.814482654074b59c3e11.js:1:7376)
    at Object.onInvoke (https://tms49.nepsetms.com.np/main.641ccfdd576230d8a3bb.js:1:2672356)
    at t.invoke (https://tms49.nepsetms.com.np/polyfills.814482654074b59c3e11.js:1:7316)
    at e.run (https://tms49.nepsetms.com.np/polyfills.814482654074b59c3e11.js:1:2579)
    at https://tms49.nepsetms.com.np/polyfills.814482654074b59c3e11.js:1:14043
    at t.invokeTask (https://tms49.nepsetms.com.np/polyfills.814482654074b59c3e11.js:1:8060)
    at Object.onInvokeTask (https://tms49.nepsetms.com.np/main.641ccfdd576230d8a3bb.js:1:2672274)
    at t.invokeTask (https://tms49.nepsetms.com.np/polyfills.814482654074b59c3e11.js:1:7981)
    at e.runTask (https://tms49.nepsetms.com.np/polyfills.814482654074b59c3e11.js:1:3242)
    at g (https://tms49.nepsetms.com.np/polyfills.814482654074b59c3e11.js:1:10327)
    at e.invokeTask [as invoke] (https://tms49.nepsetms.com.np/polyfills.814482654074b59c3e11.js:1:9172)
    at y (https://tms49.nepsetms.com.np/polyfills.814482654074b59c3e11.js:1:22589)
    at XMLHttpRequest._ (https://tms49.nepsetms.com.np/polyfills.814482654074b59c3e11.js:1:22819)", source: https://tms49.nepsetms.com.np/main.641ccfdd576230d8a3bb.js (1)
[1211/144217.707:INFO:CONSOLE:1] "Error: Uncaught (in promise): TypeError: n.resolve is not a function
TypeError: n.resolve is not a function
    at https://tms49.nepsetms.com.np/6.2574d70608dfefcf2c35.js:1:2518468
    at t.invoke (https://tms49.nepsetms.com.np/polyfills.814482654074b59c3e11.js:1:7376)
    at Object.onInvoke (https://tms49.nepsetms.com.np/main.641ccfdd576230d8a3bb.js:1:2672356)
    at t.invoke (https://tms49.nepsetms.com.np/polyfills.814482654074b59c3e11.js:1:7316)
    at e.run (https://tms49.nepsetms.com.np/polyfills.814482654074b59c3e11.js:1:2579)
    at https://tms49.nepsetms.com.np/polyfills.814482654074b59c3e11.js:1:14043
    at t.invokeTask (https://tms49.nepsetms.com.np/polyfills.814482654074b59c3e11.js:1:8060)
    at Object.onInvokeTask (https://tms49.nepsetms.com.np/main.641ccfdd576230d8a3bb.js:1:2672274)
    at t.invokeTask (https://tms49.nepsetms.com.np/polyfills.814482654074b59c3e11.js:1:7981)
    at e.runTask (https://tms49.nepsetms.com.np/polyfills.814482654074b59c3e11.js:1:3242)
    at g (https://tms49.nepsetms.com.np/polyfills.814482654074b59c3e11.js:1:10327)
    at e.invokeTask [as invoke] (https://tms49.nepsetms.com.np/polyfills.814482654074b59c3e11.js:1:9172)
    at y (https://tms49.nepsetms.com.np/polyfills.814482654074b59c3e11.js:1:22589)
    at XMLHttpRequest._ (https://tms49.nepsetms.com.np/polyfills.814482654074b59c3e11.js:1:22819)", source: https://tms49.nepsetms.com.np/main.641ccfdd576230d8a3bb.js (1)
[1211/144218.232:INFO:CONSOLE:1] "Error: Uncaught (in promise): TypeError: n.resolve is not a function
TypeError: n.resolve is not a function
    at https://tms49.nepsetms.com.np/6.2574d70608dfefcf2c35.js:1:2518468
    at t.invoke (https://tms49.nepsetms.com.np/polyfills.814482654074b59c3e11.js:1:7376)
    at Object.onInvoke (https://tms49.nepsetms.com.np/main.641ccfdd576230d8a3bb.js:1:2672356)
    at t.invoke (https://tms49.nepsetms.com.np/polyfills.814482654074b59c3e11.js:1:7316)
    at e.run (https://tms49.nepsetms.com.np/polyfills.814482654074b59c3e11.js:1:2579)
    at https://tms49.nepsetms.com.np/polyfills.814482654074b59c3e11.js:1:14043
    at t.invokeTask (https://tms49.nepsetms.com.np/polyfills.814482654074b59c3e11.js:1:8060)
    at Object.onInvokeTask (https://tms49.nepsetms.com.np/main.641ccfdd576230d8a3bb.js:1:2672274)
    at t.invokeTask (https://tms49.nepsetms.com.np/polyfills.814482654074b59c3e11.js:1:7981)
    at e.runTask (https://tms49.nepsetms.com.np/polyfills.814482654074b59c3e11.js:1:3242)
    at g (https://tms49.nepsetms.com.np/polyfills.814482654074b59c3e11.js:1:10327)
    at e.invokeTask [as invoke] (https://tms49.nepsetms.com.np/polyfills.814482654074b59c3e11.js:1:9172)
    at y (https://tms49.nepsetms.com.np/polyfills.814482654074b59c3e11.js:1:22589)
    at XMLHttpRequest._ (https://tms49.nepsetms.com.np/polyfills.814482654074b59c3e11.js:1:22819)", source: https://tms49.nepsetms.com.np/main.641ccfdd576230d8a3bb.js (1)
[1211/144218.736:INFO:CONSOLE:1] "Error: Uncaught (in promise): TypeError: n.resolve is not a function
TypeError: n.resolve is not a function
    at https://tms49.nepsetms.com.np/6.2574d70608dfefcf2c35.js:1:2518468
    at t.invoke (https://tms49.nepsetms.com.np/polyfills.814482654074b59c3e11.js:1:7376)
    at Object.onInvoke (https://tms49.nepsetms.com.np/main.641ccfdd576230d8a3bb.js:1:2672356)
    at t.invoke (https://tms49.nepsetms.com.np/polyfills.814482654074b59c3e11.js:1:7316)
    at e.run (https://tms49.nepsetms.com.np/polyfills.814482654074b59c3e11.js:1:2579)
    at https://tms49.nepsetms.com.np/polyfills.814482654074b59c3e11.js:1:14043
    at t.invokeTask (https://tms49.nepsetms.com.np/polyfills.814482654074b59c3e11.js:1:8060)
    at Object.onInvokeTask (https://tms49.nepsetms.com.np/main.641ccfdd576230d8a3bb.js:1:2672274)
    at t.invokeTask (https://tms49.nepsetms.com.np/polyfills.814482654074b59c3e11.js:1:7981)
    at e.runTask (https://tms49.nepsetms.com.np/polyfills.814482654074b59c3e11.js:1:3242)
    at g (https://tms49.nepsetms.com.np/polyfills.814482654074b59c3e11.js:1:10327)
    at e.invokeTask [as invoke] (https://tms49.nepsetms.com.np/polyfills.814482654074b59c3e11.js:1:9172)
    at y (https://tms49.nepsetms.com.np/polyfills.814482654074b59c3e11.js:1:22589)
    at XMLHttpRequest._ (https://tms49.nepsetms.com.np/polyfills.814482654074b59c3e11.js:1:22892)", source: https://tms49.nepsetms.com.np/main.641ccfdd576230d8a3bb.js (1)
[1211/144219.258:INFO:CONSOLE:1] "Error: Uncaught (in promise): TypeError: n.resolve is not a function
TypeError: n.resolve is not a function
    at https://tms49.nepsetms.com.np/6.2574d70608dfefcf2c35.js:1:2518468
    at t.invoke (https://tms49.nepsetms.com.np/polyfills.814482654074b59c3e11.js:1:7376)
    at Object.onInvoke (https://tms49.nepsetms.com.np/main.641ccfdd576230d8a3bb.js:1:2672356)
    at t.invoke (https://tms49.nepsetms.com.np/polyfills.814482654074b59c3e11.js:1:7316)
    at e.run (https://tms49.nepsetms.com.np/polyfills.814482654074b59c3e11.js:1:2579)
    at https://tms49.nepsetms.com.np/polyfills.814482654074b59c3e11.js:1:14043
    at t.invokeTask (https://tms49.nepsetms.com.np/polyfills.814482654074b59c3e11.js:1:8060)
    at Object.onInvokeTask (https://tms49.nepsetms.com.np/main.641ccfdd576230d8a3bb.js:1:2672274)
    at t.invokeTask (https://tms49.nepsetms.com.np/polyfills.814482654074b59c3e11.js:1:7981)
    at e.runTask (https://tms49.nepsetms.com.np/polyfills.814482654074b59c3e11.js:1:3242)
    at g (https://tms49.nepsetms.com.np/polyfills.814482654074b59c3e11.js:1:10327)
    at e.invokeTask [as invoke] (https://tms49.nepsetms.com.np/polyfills.814482654074b59c3e11.js:1:9172)
    at y (https://tms49.nepsetms.com.np/polyfills.814482654074b59c3e11.js:1:22589)
    at XMLHttpRequest._ (https://tms49.nepsetms.com.np/polyfills.814482654074b59c3e11.js:1:22819)", source: https://tms49.nepsetms.com.np/main.641ccfdd576230d8a3bb.js (1)
